<?xml version="1.0" encoding="UTF-8"?>
<!-- Generated by org.testng.reporters.JUnitXMLReporter -->
<testsuite ignored="1" hostname="Vishus__Lappy" failures="1" tests="21" name="Test" time="0.141" errors="0" timestamp="2023-01-28T22:47:32 IST">
  <testcase classname="testngcheck.CheckingTestSequenceWithPriority" name="ba" time="0.004"/>
  <testcase classname="testngcheck.CheckingTestSequenceWithPriority" name="ab" time="0.002"/>
  <testcase classname="testngcheck.AlwaysRunKeyword" name="ba" time="0.005">
    <failure type="java.lang.AssertionError" message="expected [true] but found [false]">
      <![CDATA[java.lang.AssertionError: expected [true] but found [false]
at testngcheck.AlwaysRunKeyword.ba(AlwaysRunKeyword.java:12)
at java.base/java.util.ArrayList.forEach(ArrayList.java:1511)
... Removed 33 stack frames]]>
    </failure>
  </testcase> <!-- ba -->
  <testcase classname="testngcheck.AlwaysRunKeyword" name="ab" time="0.002"/>
  <testcase classname="testngcheck.InvocationKeyword" name="ab" time="0.002"/>
  <testcase classname="testngcheck.InvocationKeyword" name="ab" time="0.002"/>
  <testcase classname="testngcheck.InvocationKeyword" name="ab" time="0.005"/>
  <testcase classname="testngcheck.InvocationKeyword" name="ab" time="0.003"/>
  <testcase classname="testngcheck.InvocationKeyword" name="ab" time="0.002"/>
  <testcase classname="testngcheck.InvocationKeyword" name="ab" time="0.004"/>
  <testcase classname="testngcheck.InvocationKeyword" name="ab" time="0.002"/>
  <testcase classname="testngcheck.InvocationKeyword" name="ab" time="0.001"/>
  <testcase classname="testngcheck.InvocationKeyword" name="ab" time="0.003"/>
  <testcase classname="testngcheck.InvocationKeyword" name="ab" time="0.002"/>
  <testcase classname="testngcheck.Annotations" name="test1" time="0.001"/>
  <testcase classname="testngcheck.Annotations" name="test2" time="0.001"/>
  <testcase classname="testngcheck.CheckingTestSequence" name="ab" time="0.001"/>
  <testcase classname="testngcheck.CheckingTestSequence" name="ba" time="0.001"/>
  <testcase classname="testngcheck.ReporterClass" name="ab" time="0.001"/>
  <testcase classname="testngcheck.ReporterClass" name="ba" time="0.001"/>
  <testcase classname="testngcheck.EnabledKeyword" name="ab" time="0.002"/>
  <testcase classname="testngcheck.EnabledKeyword" name="ba" time="0.0">
    <ignored/>
  </testcase> <!-- ba -->
</testsuite> <!-- Test -->
